#
# There is insufficient memory for the Java Runtime Environment to continue.
# Native memory allocation (mmap) failed to map 134217728 bytes for G1 virtual space
# Possible reasons:
#   The system is out of physical RAM or swap space
#   The process is running with CompressedOops enabled, and the Java Heap may be blocking the growth of the native heap
# Possible solutions:
#   Reduce memory load on the system
#   Increase physical memory or swap space
#   Check if swap backing store is full
#   Decrease Java heap size (-Xmx/-Xms)
#   Decrease number of Java threads
#   Decrease Java thread stack sizes (-Xss)
#   Set larger code cache with -XX:ReservedCodeCacheSize=
#   JVM is running with Unscaled Compressed Oops mode in which the Java heap is
#     placed in the first 4GB address space. The Java Heap base address is the
#     maximum limit for the native heap growth. Please use -XX:HeapBaseMinAddress
#     to set the Java Heap base and to place the Java Heap above 4GB virtual address.
# This output file may be truncated or incomplete.
#
#  Out of Memory Error (os_windows.cpp:3548), pid=9012, tid=14452
#
# JRE version:  (17.0.5+8) (build )
# Java VM: OpenJDK 64-Bit Server VM (17.0.5+8-LTS, mixed mode, sharing, tiered, compressed oops, compressed class ptrs, g1 gc, windows-amd64)
# Core dump will be written. Default location: C:\Users\GMAMPOYI\git\Spring Boot learn\MyFirstTodoApplication\hs_err_pid9012.mdmp
#

---------------  S U M M A R Y ------------

Command Line: -Dclassworlds.conf=C:\Software\apache-maven-3.8.6\bin\m2.conf -Dmaven.home=C:\Software\apache-maven-3.8.6 -Dlibrary.jansi.path=C:\Software\apache-maven-3.8.6\lib\jansi-native -Dmaven.multiModuleProjectDirectory=C:\Users\GMAMPOYI\git\Spring Boot learn\MyFirstTodoApplication org.codehaus.plexus.classworlds.launcher.Launcher clean build

Host: Intel(R) Xeon(R) Platinum 8272CL CPU @ 2.60GHz, 2 cores, 7G,  Windows Server 2019 , 64 bit Build 19041 (10.0.19041.1645)
Time: Sat Jan  7 07:56:53 2023 South Africa Standard Time elapsed time: 0.028528 seconds (0d 0h 0m 0s)

---------------  T H R E A D  ---------------

Current thread (0x0000016bf8da4220):  JavaThread "Unknown thread" [_thread_in_vm, id=14452, stack(0x00000046d5200000,0x00000046d5300000)]

Stack: [0x00000046d5200000,0x00000046d5300000]
Native frames: (J=compiled Java code, j=interpreted, Vv=VM code, C=native code)
V  [jvm.dll+0x646e0a]
V  [jvm.dll+0x7f7f14]
V  [jvm.dll+0x7f96ce]
V  [jvm.dll+0x7f9d23]
V  [jvm.dll+0x234c98]
V  [jvm.dll+0x643d6a]
V  [jvm.dll+0x63849a]
V  [jvm.dll+0x2f2ed9]
V  [jvm.dll+0x2fa066]
V  [jvm.dll+0x345a2a]
V  [jvm.dll+0x345c6f]
V  [jvm.dll+0x2c9378]
V  [jvm.dll+0x2ca309]
V  [jvm.dll+0x7cb681]
V  [jvm.dll+0x352eb1]
V  [jvm.dll+0x7abb8e]
V  [jvm.dll+0x3ce293]
V  [jvm.dll+0x3cfc91]
C  [jli.dll+0x519f]
C  [ucrtbase.dll+0x21bb2]
C  [KERNEL32.DLL+0x17034]
C  [ntdll.dll+0x52651]


---------------  P R O C E S S  ---------------

Threads class SMR info:
_java_thread_list=0x00007ffdc5a16758, length=0, elements={
}

Java Threads: ( => current thread )

Other Threads:
  0x0000016bf8dffcd0 GCTaskThread "GC Thread#0" [stack: 0x00000046d5300000,0x00000046d5400000] [id=9288]
  0x0000016bf8e10c10 ConcurrentGCThread "G1 Main Marker" [stack: 0x00000046d5400000,0x00000046d5500000] [id=12152]
  0x0000016bf8e11620 ConcurrentGCThread "G1 Conc#0" [stack: 0x00000046d5500000,0x00000046d5600000] [id=9452]

[error occurred during error reporting (printing all threads), id 0xc0000005, EXCEPTION_ACCESS_VIOLATION (0xc0000005) at pc=0x00007ffdc520a567]

VM state: not at safepoint (not fully initialized)

VM Mutex/Monitor currently owned by a thread:  ([mutex/lock_event])
[0x0000016bf6cfba30] Heap_lock - owner thread: 0x0000016bf8da4220

Heap address: 0x0000000080000000, size: 2048 MB, Compressed Oops mode: 32-bit

CDS archive(s) mapped at: [0x0000000000000000-0x0000000000000000-0x0000000000000000), size 0, SharedBaseAddress: 0x0000000800000000, ArchiveRelocationMode: 0.
Narrow klass base: 0x0000000000000000, Narrow klass shift: 0, Narrow klass range: 0x0

GC Precious Log:
<Empty>

Heap:
 garbage-first heap   total 0K, used 0K [0x0000000080000000, 0x0000000100000000)
  region size 1024K, 0 young (0K), 0 survivors (0K)

[error occurred during error reporting (printing heap information), id 0xc0000005, EXCEPTION_ACCESS_VIOLATION (0xc0000005) at pc=0x00007ffdc55ce739]

GC Heap History (0 events):
No events

Dll operation events (1 events):
Event: 0.013 Loaded shared library C:\Users\GMAMPOYI\.jdks\corretto-17.0.5\bin\java.dll

Deoptimization events (0 events):
No events

Classes unloaded (0 events):
No events

Classes redefined (0 events):
No events

Internal exceptions (0 events):
No events

VM Operations (0 events):
No events

Events (0 events):
No events


Dynamic libraries:
0x00007ff6b3010000 - 0x00007ff6b301d000 	C:\Users\GMAMPOYI\.jdks\corretto-17.0.5\bin\java.exe
0x00007ffe12e30000 - 0x00007ffe13025000 	C:\windows\SYSTEM32\ntdll.dll
0x00007ffe124e0000 - 0x00007ffe1259e000 	C:\windows\System32\KERNEL32.DLL
0x00007ffe10a40000 - 0x00007ffe10d08000 	C:\windows\System32\KERNELBASE.dll
0x00007ffe10690000 - 0x00007ffe10790000 	C:\windows\System32\ucrtbase.dll
0x00007ffdf6000000 - 0x00007ffdf6015000 	C:\Users\GMAMPOYI\.jdks\corretto-17.0.5\bin\VCRUNTIME140.dll
0x00007ffdf4de0000 - 0x00007ffdf4df7000 	C:\Users\GMAMPOYI\.jdks\corretto-17.0.5\bin\jli.dll
0x00007ffe11b60000 - 0x00007ffe11d00000 	C:\windows\System32\USER32.dll
0x00007ffe10550000 - 0x00007ffe10572000 	C:\windows\System32\win32u.dll
0x00007ffe12c90000 - 0x00007ffe12cba000 	C:\windows\System32\GDI32.dll
0x00007ffe10580000 - 0x00007ffe1068b000 	C:\windows\System32\gdi32full.dll
0x00007ffe00550000 - 0x00007ffe007ea000 	C:\windows\WinSxS\amd64_microsoft.windows.common-controls_6595b64144ccf1df_6.0.19041.1110_none_60b5254171f9507e\COMCTL32.dll
0x00007ffe10d60000 - 0x00007ffe10dfd000 	C:\windows\System32\msvcp_win.dll
0x00007ffe12220000 - 0x00007ffe122be000 	C:\windows\System32\msvcrt.dll
0x00007ffe127b0000 - 0x00007ffe127e0000 	C:\windows\System32\IMM32.DLL
0x00007ffde5690000 - 0x00007ffde572b000 	C:\Users\GMAMPOYI\.jdks\corretto-17.0.5\bin\msvcp140.dll
0x00007ffdc4f30000 - 0x00007ffdc5b44000 	C:\Users\GMAMPOYI\.jdks\corretto-17.0.5\bin\server\jvm.dll
0x00007ffe11d00000 - 0x00007ffe11dae000 	C:\windows\System32\ADVAPI32.dll
0x00007ffe11640000 - 0x00007ffe116dc000 	C:\windows\System32\sechost.dll
0x00007ffe12b40000 - 0x00007ffe12c65000 	C:\windows\System32\RPCRT4.dll
0x00007ffde5f00000 - 0x00007ffde5f27000 	C:\windows\SYSTEM32\WINMM.dll
0x00007ffe062f0000 - 0x00007ffe062f9000 	C:\windows\SYSTEM32\WSOCK32.dll
0x00007ffe116e0000 - 0x00007ffe1174b000 	C:\windows\System32\WS2_32.dll
0x00007ffe047f0000 - 0x00007ffe047fa000 	C:\windows\SYSTEM32\VERSION.dll
0x00007ffe0ec30000 - 0x00007ffe0ec42000 	C:\windows\SYSTEM32\kernel.appcore.dll
0x00007ffdfb2f0000 - 0x00007ffdfb2fa000 	C:\Users\GMAMPOYI\.jdks\corretto-17.0.5\bin\jimage.dll
0x00007ffdfba80000 - 0x00007ffdfbc64000 	C:\windows\SYSTEM32\DBGHELP.DLL
0x00007ffdfba50000 - 0x00007ffdfba7c000 	C:\windows\SYSTEM32\dbgcore.DLL
0x00007ffe10e00000 - 0x00007ffe10e82000 	C:\windows\System32\bcryptPrimitives.dll
0x00007ffdef450000 - 0x00007ffdef475000 	C:\Users\GMAMPOYI\.jdks\corretto-17.0.5\bin\java.dll

dbghelp: loaded successfully - version: 4.0.5 - missing functions: none
symbol engine: initialized successfully - sym options: 0x614 - pdb path: .;C:\Users\GMAMPOYI\.jdks\corretto-17.0.5\bin;C:\windows\SYSTEM32;C:\windows\WinSxS\amd64_microsoft.windows.common-controls_6595b64144ccf1df_6.0.19041.1110_none_60b5254171f9507e;C:\Users\GMAMPOYI\.jdks\corretto-17.0.5\bin\server

VM Arguments:
jvm_args: -Dclassworlds.conf=C:\Software\apache-maven-3.8.6\bin\m2.conf -Dmaven.home=C:\Software\apache-maven-3.8.6 -Dlibrary.jansi.path=C:\Software\apache-maven-3.8.6\lib\jansi-native -Dmaven.multiModuleProjectDirectory=C:\Users\GMAMPOYI\git\Spring Boot learn\MyFirstTodoApplication 
java_command: org.codehaus.plexus.classworlds.launcher.Launcher clean build
java_class_path (initial): C:\Software\apache-maven-3.8.6\boot\plexus-classworlds-2.6.0.jar
Launcher Type: SUN_STANDARD

[Global flags]
     intx CICompilerCount                          = 2                                         {product} {ergonomic}
     uint ConcGCThreads                            = 1                                         {product} {ergonomic}
     uint G1ConcRefinementThreads                  = 2                                         {product} {ergonomic}
   size_t G1HeapRegionSize                         = 1048576                                   {product} {ergonomic}
    uintx GCDrainStackTargetSize                   = 64                                        {product} {ergonomic}
   size_t InitialHeapSize                          = 134217728                                 {product} {ergonomic}
   size_t MarkStackSize                            = 4194304                                   {product} {ergonomic}
   size_t MaxHeapSize                              = 2147483648                                {product} {ergonomic}
   size_t MinHeapDeltaBytes                        = 1048576                                   {product} {ergonomic}
   size_t MinHeapSize                              = 8388608                                   {product} {ergonomic}
    uintx NonNMethodCodeHeapSize                   = 5826188                                {pd product} {ergonomic}
    uintx NonProfiledCodeHeapSize                  = 122916026                              {pd product} {ergonomic}
    uintx ProfiledCodeHeapSize                     = 122916026                              {pd product} {ergonomic}
    uintx ReservedCodeCacheSize                    = 251658240                              {pd product} {ergonomic}
     bool SegmentedCodeCache                       = true                                      {product} {ergonomic}
   size_t SoftMaxHeapSize                          = 2147483648                             {manageable} {ergonomic}
     bool UseCompressedClassPointers               = true                           {product lp64_product} {ergonomic}
     bool UseCompressedOops                        = true                           {product lp64_product} {ergonomic}
     bool UseG1GC                                  = true                                      {product} {ergonomic}
     bool UseLargePagesIndividualAllocation        = false                                  {pd product} {ergonomic}

Logging:
Log output configuration:
 #0: stdout all=warning uptime,level,tags
 #1: stderr all=off uptime,level,tags

Environment Variables:
JAVA_HOME=C:\Users\GMAMPOYI\.jdks\corretto-17.0.5
PATH=C:\Program Files (x86)\Common Files\Oracle\Java\javapath;C:\windows\system32;C:\windows;C:\windows\System32\Wbem;C:\windows\System32\WindowsPowerShell\v1.0\;C:\windows\System32\OpenSSH\;C:\Program Files (x86)\Microsoft SQL Server\150\DTS\Binn\;C:\Program Files\Azure Data Studio\bin;C:\Program Files\TortoiseSVN\bin;C:\Program Files\Git\cmd;C:\Program Files (x86)\Microsoft SQL Server\160\DTS\Binn\;C:\Program Files\Microsoft SQL Server\150\Tools\Binn\;C:\Program Files\Microsoft SQL Server\Client SDK\ODBC\170\Tools\Binn\;C:\Program Files\dotnet\;C:\Users\GMAMPOYI\.jdks\corretto-17.0.5\bin;C:\Users\GMAMPOYI\AppData\Local\Microsoft\WindowsApps;C:\Program Files\JetBrains\IntelliJ IDEA Community Edition 2022.1.3\bin;;C:\Users\GMAMPOYI\.dotnet\tools;C:\Software\groovy-4.0.3\bin;C:\Software\gradle-7.4.2\bin;C:\Software\apache-maven-3.8.6\bin;C:\Users\GMAMPOYI\.jdks\corretto-17.0.5\bin;
USERNAME=GMAMPOYI
OS=Windows_NT
PROCESSOR_IDENTIFIER=Intel64 Family 6 Model 85 Stepping 7, GenuineIntel
TMP=C:\Users\GMAMPOYI\AppData\Local\Temp
TEMP=C:\Users\GMAMPOYI\AppData\Local\Temp



---------------  S Y S T E M  ---------------

OS:
 Windows Server 2019 , 64 bit Build 19041 (10.0.19041.1645)
OS uptime: 31 days 22:51 hours
Hyper-V virtualization detected

CPU: total 2 (initial active 2) (1 cores per cpu, 2 threads per core) family 6 model 85 stepping 7 microcode 0xffffffff, cx8, cmov, fxsr, ht, mmx, 3dnowpref, sse, sse2, sse3, ssse3, sse4.1, sse4.2, popcnt, lzcnt, tsc, avx, avx2, aes, erms, clmul, bmi1, bmi2, rtm, adx, avx512f, avx512dq, avx512cd, avx512bw, avx512vl, fma, vzeroupper, clflush, clflushopt, hv

Memory: 4k page, system-wide physical 8191M (1372M free)
TotalPageFile size 10239M (AvailPageFile size 122M)
current process WorkingSet (physical memory assigned to process): 9M, peak: 9M
current process commit charge ("private bytes"): 47M, peak: 175M

vm_info: OpenJDK 64-Bit Server VM (17.0.5+8-LTS) for windows-amd64 JRE (17.0.5+8-LTS), built on Oct 13 2022 05:18:14 by "Administrator" with MS VC++ 15.9 (VS2017)

END.
