#
# There is insufficient memory for the Java Runtime Environment to continue.
# Native memory allocation (malloc) failed to allocate 1256480 bytes for Chunk::new
# Possible reasons:
#   The system is out of physical RAM or swap space
#   The process is running with CompressedOops enabled, and the Java Heap may be blocking the growth of the native heap
# Possible solutions:
#   Reduce memory load on the system
#   Increase physical memory or swap space
#   Check if swap backing store is full
#   Decrease Java heap size (-Xmx/-Xms)
#   Decrease number of Java threads
#   Decrease Java thread stack sizes (-Xss)
#   Set larger code cache with -XX:ReservedCodeCacheSize=
#   JVM is running with Unscaled Compressed Oops mode in which the Java heap is
#     placed in the first 4GB address space. The Java Heap base address is the
#     maximum limit for the native heap growth. Please use -XX:HeapBaseMinAddress
#     to set the Java Heap base and to place the Java Heap above 4GB virtual address.
# This output file may be truncated or incomplete.
#
#  Out of Memory Error (arena.cpp:184), pid=14904, tid=15220
#
# JRE version: OpenJDK Runtime Environment (19.0.1+10) (build 19.0.1+10-21)
# Java VM: OpenJDK 64-Bit Server VM (19.0.1+10-21, mixed mode, sharing, tiered, compressed oops, compressed class ptrs, g1 gc, windows-amd64)
# Core dump will be written. Default location: C:\Users\GMAMPOYI\git\Spring Boot learn\MyFirstTodoApplication\hs_err_pid14904.mdmp
#

---------------  S U M M A R Y ------------

Command Line: -javaagent:C:\Program Files\JetBrains\IntelliJ IDEA Community Edition 2022.1.3\lib\idea_rt.jar=53381:C:\Program Files\JetBrains\IntelliJ IDEA Community Edition 2022.1.3\bin -Dfile.encoding=UTF-8 com.myTodoApplication.springBoot.MyFirstTodoApplication.MyFirstTodoApplication

Host: Intel(R) Xeon(R) Platinum 8272CL CPU @ 2.60GHz, 2 cores, 7G,  Windows Server 2019 , 64 bit Build 19041 (10.0.19041.1645)
Time: Sat Jan  7 07:49:42 2023 South Africa Standard Time elapsed time: 3.173469 seconds (0d 0h 0m 3s)

---------------  T H R E A D  ---------------

Current thread (0x0000029aa08822b0):  JavaThread "C2 CompilerThread0" daemon [_thread_in_native, id=15220, stack(0x000000fa6bc00000,0x000000fa6bd00000)]


Current CompileTask:
C2:   3173 1956   !   4       java.net.URL::<init> (543 bytes)

Stack: [0x000000fa6bc00000,0x000000fa6bd00000]
Native frames: (J=compiled Java code, j=interpreted, Vv=VM code, C=native code)
V  [jvm.dll+0x6ee8fa]
V  [jvm.dll+0x857a1e]
V  [jvm.dll+0x85940e]
V  [jvm.dll+0x859ac3]
V  [jvm.dll+0x28291f]
V  [jvm.dll+0xc9b5f]
V  [jvm.dll+0xc9ee5]
V  [jvm.dll+0x3bcbac]
V  [jvm.dll+0x386201]
V  [jvm.dll+0x38567a]
V  [jvm.dll+0x24c2c9]
V  [jvm.dll+0x24b671]
V  [jvm.dll+0x1d6d61]
V  [jvm.dll+0x25b0fa]
V  [jvm.dll+0x259588]
V  [jvm.dll+0x807928]
V  [jvm.dll+0x8015fa]
V  [jvm.dll+0x6ed5eb]
C  [ucrtbase.dll+0x21bb2]
C  [KERNEL32.DLL+0x17034]
C  [ntdll.dll+0x52651]


---------------  P R O C E S S  ---------------

Threads class SMR info:
_java_thread_list=0x0000029aa5855550, length=16, elements={
0x0000029a82b96af0, 0x0000029aa0874010, 0x0000029aa08755a0, 0x0000029aa08783e0,
0x0000029aa087ad20, 0x0000029aa087bdf0, 0x0000029aa087d000, 0x0000029aa08822b0,
0x0000029aa08a4590, 0x0000029aa08c2e80, 0x0000029aa0845550, 0x0000029aa4ff8180,
0x0000029aa4ff86c0, 0x0000029aa551c2d0, 0x0000029aa54e9670, 0x0000029aa57c95c0
}

Java Threads: ( => current thread )
  0x0000029a82b96af0 JavaThread "main" [_thread_blocked, id=4952, stack(0x000000fa6af00000,0x000000fa6b000000)]
  0x0000029aa0874010 JavaThread "Reference Handler" daemon [_thread_blocked, id=13836, stack(0x000000fa6b600000,0x000000fa6b700000)]
  0x0000029aa08755a0 JavaThread "Finalizer" daemon [_thread_blocked, id=12964, stack(0x000000fa6b700000,0x000000fa6b800000)]
  0x0000029aa08783e0 JavaThread "Signal Dispatcher" daemon [_thread_blocked, id=1908, stack(0x000000fa6b800000,0x000000fa6b900000)]
  0x0000029aa087ad20 JavaThread "Attach Listener" daemon [_thread_blocked, id=15248, stack(0x000000fa6b900000,0x000000fa6ba00000)]
  0x0000029aa087bdf0 JavaThread "Service Thread" daemon [_thread_blocked, id=3252, stack(0x000000fa6ba00000,0x000000fa6bb00000)]
  0x0000029aa087d000 JavaThread "Monitor Deflation Thread" daemon [_thread_blocked, id=15304, stack(0x000000fa6bb00000,0x000000fa6bc00000)]
=>0x0000029aa08822b0 JavaThread "C2 CompilerThread0" daemon [_thread_in_native, id=15220, stack(0x000000fa6bc00000,0x000000fa6bd00000)]
  0x0000029aa08a4590 JavaThread "C1 CompilerThread0" daemon [_thread_blocked, id=11920, stack(0x000000fa6bd00000,0x000000fa6be00000)]
  0x0000029aa08c2e80 JavaThread "Sweeper thread" daemon [_thread_blocked, id=10808, stack(0x000000fa6be00000,0x000000fa6bf00000)]
  0x0000029aa0845550 JavaThread "Common-Cleaner" daemon [_thread_blocked, id=15092, stack(0x000000fa6bf00000,0x000000fa6c000000)]
  0x0000029aa4ff8180 JavaThread "Monitor Ctrl-Break" daemon [_thread_in_native, id=14780, stack(0x000000fa6c000000,0x000000fa6c100000)]
  0x0000029aa4ff86c0 JavaThread "Notification Thread" daemon [_thread_blocked, id=7792, stack(0x000000fa6c100000,0x000000fa6c200000)]
  0x0000029aa551c2d0 JavaThread "Thread-0" [_thread_blocked, id=13352, stack(0x000000fa6c400000,0x000000fa6c500000)]
  0x0000029aa54e9670 JavaThread "restartedMain" [_thread_in_vm, id=1668, stack(0x000000fa6c500000,0x000000fa6c600000)]
  0x0000029aa57c95c0 JavaThread "background-preinit" [_thread_in_vm, id=8780, stack(0x000000fa6c600000,0x000000fa6c700000)]

Other Threads:
  0x0000029aa0859630 VMThread "VM Thread" [stack: 0x000000fa6b500000,0x000000fa6b600000] [id=6940]
  0x0000029aa4f02080 WatcherThread "VM Periodic Task Thread" [stack: 0x000000fa6c200000,0x000000fa6c300000] [id=3064]
  0x0000029a82bf4ab0 WorkerThread "GC Thread#0" [stack: 0x000000fa6b000000,0x000000fa6b100000] [id=15300]
  0x0000029aa5019da0 WorkerThread "GC Thread#1" [stack: 0x000000fa6c300000,0x000000fa6c400000] [id=10784]
  0x0000029a82c06ad0 ConcurrentGCThread "G1 Main Marker" [stack: 0x000000fa6b100000,0x000000fa6b200000] [id=13608]
  0x0000029a82c07d50 WorkerThread "G1 Conc#0" [stack: 0x000000fa6b200000,0x000000fa6b300000] [id=13552]
  0x0000029a82c5e3a0 ConcurrentGCThread "G1 Refine#0" [stack: 0x000000fa6b300000,0x000000fa6b400000] [id=14564]
  0x0000029aa07110b0 ConcurrentGCThread "G1 Service" [stack: 0x000000fa6b400000,0x000000fa6b500000] [id=13776]

Threads with active compile tasks:
C2 CompilerThread0     3203 1956   !   4       java.net.URL::<init> (543 bytes)

VM state: not at safepoint (normal execution)

VM Mutex/Monitor currently owned by a thread: None

Heap address: 0x0000000080000000, size: 2048 MB, Compressed Oops mode: 32-bit

CDS archive(s) mapped at: [0x0000000800000000-0x0000000800c30000-0x0000000800c30000), size 12779520, SharedBaseAddress: 0x0000000800000000, ArchiveRelocationMode: 0.
Compressed class space mapped at: 0x0000000801000000-0x0000000841000000, reserved size: 1073741824
Narrow klass base: 0x0000000800000000, Narrow klass shift: 0, Narrow klass range: 0x100000000

GC Precious Log:
 CardTable entry size: 512
 Card Set container configuration: InlinePtr #cards 5 size 8 Array Of Cards #cards 12 size 40 Howl #buckets 4 coarsen threshold 1843 Howl Bitmap #cards 512 size 80 coarsen threshold 460 Card regions per heap region 1 cards per card region 2048
 CPUs: 2 total, 2 available
 Memory: 8191M
 Large Page Support: Disabled
 NUMA Support: Disabled
 Compressed Oops: Enabled (32-bit)
 Heap Region Size: 1M
 Heap Min Capacity: 8M
 Heap Initial Capacity: 128M
 Heap Max Capacity: 2G
 Pre-touch: Disabled
 Parallel Workers: 2
 Concurrent Workers: 1
 Concurrent Refinement Workers: 2
 Periodic GC: Disabled

Heap:
 garbage-first heap   total 131072K, used 37821K [0x0000000080000000, 0x0000000100000000)
  region size 1024K, 36 young (36864K), 2 survivors (2048K)
 Metaspace       used 15383K, committed 15616K, reserved 1114112K
  class space    used 1896K, committed 1984K, reserved 1048576K

Heap Regions: E=young(eden), S=young(survivor), O=old, HS=humongous(starts), HC=humongous(continues), CS=collection set, F=free, OA=open archive, CA=closed archive, TAMS=top-at-mark-start (previous, next)
|   0|0x0000000080000000, 0x0000000080100000, 0x0000000080100000|100%| O|  |TAMS 0x0000000080000000, 0x0000000080000000| Untracked 
|   1|0x0000000080100000, 0x0000000080200000, 0x0000000080200000|100%| O|  |TAMS 0x0000000080100000, 0x0000000080100000| Untracked 
|   2|0x0000000080200000, 0x0000000080300000, 0x0000000080300000|100%| O|  |TAMS 0x0000000080200000, 0x0000000080200000| Untracked 
|   3|0x0000000080300000, 0x000000008034de00, 0x0000000080400000| 30%| O|  |TAMS 0x0000000080300000, 0x0000000080300000| Untracked 
|   4|0x0000000080400000, 0x0000000080400000, 0x0000000080500000|  0%| F|  |TAMS 0x0000000080400000, 0x0000000080400000| Untracked 
|   5|0x0000000080500000, 0x0000000080500000, 0x0000000080600000|  0%| F|  |TAMS 0x0000000080500000, 0x0000000080500000| Untracked 
|   6|0x0000000080600000, 0x0000000080600000, 0x0000000080700000|  0%| F|  |TAMS 0x0000000080600000, 0x0000000080600000| Untracked 
|   7|0x0000000080700000, 0x0000000080700000, 0x0000000080800000|  0%| F|  |TAMS 0x0000000080700000, 0x0000000080700000| Untracked 
|   8|0x0000000080800000, 0x0000000080800000, 0x0000000080900000|  0%| F|  |TAMS 0x0000000080800000, 0x0000000080800000| Untracked 
|   9|0x0000000080900000, 0x0000000080900000, 0x0000000080a00000|  0%| F|  |TAMS 0x0000000080900000, 0x0000000080900000| Untracked 
|  10|0x0000000080a00000, 0x0000000080a00000, 0x0000000080b00000|  0%| F|  |TAMS 0x0000000080a00000, 0x0000000080a00000| Untracked 
|  11|0x0000000080b00000, 0x0000000080b00000, 0x0000000080c00000|  0%| F|  |TAMS 0x0000000080b00000, 0x0000000080b00000| Untracked 
|  12|0x0000000080c00000, 0x0000000080c00000, 0x0000000080d00000|  0%| F|  |TAMS 0x0000000080c00000, 0x0000000080c00000| Untracked 
|  13|0x0000000080d00000, 0x0000000080d00000, 0x0000000080e00000|  0%| F|  |TAMS 0x0000000080d00000, 0x0000000080d00000| Untracked 
|  14|0x0000000080e00000, 0x0000000080e00000, 0x0000000080f00000|  0%| F|  |TAMS 0x0000000080e00000, 0x0000000080e00000| Untracked 
|  15|0x0000000080f00000, 0x0000000080f00000, 0x0000000081000000|  0%| F|  |TAMS 0x0000000080f00000, 0x0000000080f00000| Untracked 
|  16|0x0000000081000000, 0x0000000081000000, 0x0000000081100000|  0%| F|  |TAMS 0x0000000081000000, 0x0000000081000000| Untracked 
|  17|0x0000000081100000, 0x0000000081100000, 0x0000000081200000|  0%| F|  |TAMS 0x0000000081100000, 0x0000000081100000| Untracked 
|  18|0x0000000081200000, 0x0000000081200000, 0x0000000081300000|  0%| F|  |TAMS 0x0000000081200000, 0x0000000081200000| Untracked 
|  19|0x0000000081300000, 0x0000000081300000, 0x0000000081400000|  0%| F|  |TAMS 0x0000000081300000, 0x0000000081300000| Untracked 
|  20|0x0000000081400000, 0x0000000081400000, 0x0000000081500000|  0%| F|  |TAMS 0x0000000081400000, 0x0000000081400000| Untracked 
|  21|0x0000000081500000, 0x0000000081500000, 0x0000000081600000|  0%| F|  |TAMS 0x0000000081500000, 0x0000000081500000| Untracked 
|  22|0x0000000081600000, 0x0000000081600000, 0x0000000081700000|  0%| F|  |TAMS 0x0000000081600000, 0x0000000081600000| Untracked 
|  23|0x0000000081700000, 0x0000000081700000, 0x0000000081800000|  0%| F|  |TAMS 0x0000000081700000, 0x0000000081700000| Untracked 
|  24|0x0000000081800000, 0x0000000081800000, 0x0000000081900000|  0%| F|  |TAMS 0x0000000081800000, 0x0000000081800000| Untracked 
|  25|0x0000000081900000, 0x0000000081900000, 0x0000000081a00000|  0%| F|  |TAMS 0x0000000081900000, 0x0000000081900000| Untracked 
|  26|0x0000000081a00000, 0x0000000081a00000, 0x0000000081b00000|  0%| F|  |TAMS 0x0000000081a00000, 0x0000000081a00000| Untracked 
|  27|0x0000000081b00000, 0x0000000081b00000, 0x0000000081c00000|  0%| F|  |TAMS 0x0000000081b00000, 0x0000000081b00000| Untracked 
|  28|0x0000000081c00000, 0x0000000081c00000, 0x0000000081d00000|  0%| F|  |TAMS 0x0000000081c00000, 0x0000000081c00000| Untracked 
|  29|0x0000000081d00000, 0x0000000081d00000, 0x0000000081e00000|  0%| F|  |TAMS 0x0000000081d00000, 0x0000000081d00000| Untracked 
|  30|0x0000000081e00000, 0x0000000081e00000, 0x0000000081f00000|  0%| F|  |TAMS 0x0000000081e00000, 0x0000000081e00000| Untracked 
|  31|0x0000000081f00000, 0x0000000081f00000, 0x0000000082000000|  0%| F|  |TAMS 0x0000000081f00000, 0x0000000081f00000| Untracked 
|  32|0x0000000082000000, 0x0000000082000000, 0x0000000082100000|  0%| F|  |TAMS 0x0000000082000000, 0x0000000082000000| Untracked 
|  33|0x0000000082100000, 0x0000000082100000, 0x0000000082200000|  0%| F|  |TAMS 0x0000000082100000, 0x0000000082100000| Untracked 
|  34|0x0000000082200000, 0x0000000082200000, 0x0000000082300000|  0%| F|  |TAMS 0x0000000082200000, 0x0000000082200000| Untracked 
|  35|0x0000000082300000, 0x0000000082300000, 0x0000000082400000|  0%| F|  |TAMS 0x0000000082300000, 0x0000000082300000| Untracked 
|  36|0x0000000082400000, 0x0000000082400000, 0x0000000082500000|  0%| F|  |TAMS 0x0000000082400000, 0x0000000082400000| Untracked 
|  37|0x0000000082500000, 0x0000000082500000, 0x0000000082600000|  0%| F|  |TAMS 0x0000000082500000, 0x0000000082500000| Untracked 
|  38|0x0000000082600000, 0x0000000082600000, 0x0000000082700000|  0%| F|  |TAMS 0x0000000082600000, 0x0000000082600000| Untracked 
|  39|0x0000000082700000, 0x0000000082700000, 0x0000000082800000|  0%| F|  |TAMS 0x0000000082700000, 0x0000000082700000| Untracked 
|  40|0x0000000082800000, 0x0000000082800000, 0x0000000082900000|  0%| F|  |TAMS 0x0000000082800000, 0x0000000082800000| Untracked 
|  41|0x0000000082900000, 0x0000000082900000, 0x0000000082a00000|  0%| F|  |TAMS 0x0000000082900000, 0x0000000082900000| Untracked 
|  42|0x0000000082a00000, 0x0000000082a00000, 0x0000000082b00000|  0%| F|  |TAMS 0x0000000082a00000, 0x0000000082a00000| Untracked 
|  43|0x0000000082b00000, 0x0000000082b00000, 0x0000000082c00000|  0%| F|  |TAMS 0x0000000082b00000, 0x0000000082b00000| Untracked 
|  44|0x0000000082c00000, 0x0000000082c00000, 0x0000000082d00000|  0%| F|  |TAMS 0x0000000082c00000, 0x0000000082c00000| Untracked 
|  45|0x0000000082d00000, 0x0000000082d00000, 0x0000000082e00000|  0%| F|  |TAMS 0x0000000082d00000, 0x0000000082d00000| Untracked 
|  46|0x0000000082e00000, 0x0000000082e00000, 0x0000000082f00000|  0%| F|  |TAMS 0x0000000082e00000, 0x0000000082e00000| Untracked 
|  47|0x0000000082f00000, 0x0000000082f00000, 0x0000000083000000|  0%| F|  |TAMS 0x0000000082f00000, 0x0000000082f00000| Untracked 
|  48|0x0000000083000000, 0x0000000083000000, 0x0000000083100000|  0%| F|  |TAMS 0x0000000083000000, 0x0000000083000000| Untracked 
|  49|0x0000000083100000, 0x0000000083100000, 0x0000000083200000|  0%| F|  |TAMS 0x0000000083100000, 0x0000000083100000| Untracked 
|  50|0x0000000083200000, 0x0000000083200000, 0x0000000083300000|  0%| F|  |TAMS 0x0000000083200000, 0x0000000083200000| Untracked 
|  51|0x0000000083300000, 0x0000000083300000, 0x0000000083400000|  0%| F|  |TAMS 0x0000000083300000, 0x0000000083300000| Untracked 
|  52|0x0000000083400000, 0x0000000083400000, 0x0000000083500000|  0%| F|  |TAMS 0x0000000083400000, 0x0000000083400000| Untracked 
|  53|0x0000000083500000, 0x0000000083500000, 0x0000000083600000|  0%| F|  |TAMS 0x0000000083500000, 0x0000000083500000| Untracked 
|  54|0x0000000083600000, 0x0000000083600000, 0x0000000083700000|  0%| F|  |TAMS 0x0000000083600000, 0x0000000083600000| Untracked 
|  55|0x0000000083700000, 0x0000000083700000, 0x0000000083800000|  0%| F|  |TAMS 0x0000000083700000, 0x0000000083700000| Untracked 
|  56|0x0000000083800000, 0x0000000083800000, 0x0000000083900000|  0%| F|  |TAMS 0x0000000083800000, 0x0000000083800000| Untracked 
|  57|0x0000000083900000, 0x0000000083900000, 0x0000000083a00000|  0%| F|  |TAMS 0x0000000083900000, 0x0000000083900000| Untracked 
|  58|0x0000000083a00000, 0x0000000083a00000, 0x0000000083b00000|  0%| F|  |TAMS 0x0000000083a00000, 0x0000000083a00000| Untracked 
|  59|0x0000000083b00000, 0x0000000083b00000, 0x0000000083c00000|  0%| F|  |TAMS 0x0000000083b00000, 0x0000000083b00000| Untracked 
|  60|0x0000000083c00000, 0x0000000083c00000, 0x0000000083d00000|  0%| F|  |TAMS 0x0000000083c00000, 0x0000000083c00000| Untracked 
|  61|0x0000000083d00000, 0x0000000083d00000, 0x0000000083e00000|  0%| F|  |TAMS 0x0000000083d00000, 0x0000000083d00000| Untracked 
|  62|0x0000000083e00000, 0x0000000083e00000, 0x0000000083f00000|  0%| F|  |TAMS 0x0000000083e00000, 0x0000000083e00000| Untracked 
|  63|0x0000000083f00000, 0x0000000083f00000, 0x0000000084000000|  0%| F|  |TAMS 0x0000000083f00000, 0x0000000083f00000| Untracked 
|  64|0x0000000084000000, 0x0000000084000000, 0x0000000084100000|  0%| F|  |TAMS 0x0000000084000000, 0x0000000084000000| Untracked 
|  65|0x0000000084100000, 0x0000000084100000, 0x0000000084200000|  0%| F|  |TAMS 0x0000000084100000, 0x0000000084100000| Untracked 
|  66|0x0000000084200000, 0x0000000084200000, 0x0000000084300000|  0%| F|  |TAMS 0x0000000084200000, 0x0000000084200000| Untracked 
|  67|0x0000000084300000, 0x0000000084300000, 0x0000000084400000|  0%| F|  |TAMS 0x0000000084300000, 0x0000000084300000| Untracked 
|  68|0x0000000084400000, 0x0000000084400000, 0x0000000084500000|  0%| F|  |TAMS 0x0000000084400000, 0x0000000084400000| Untracked 
|  69|0x0000000084500000, 0x0000000084500000, 0x0000000084600000|  0%| F|  |TAMS 0x0000000084500000, 0x0000000084500000| Untracked 
|  70|0x0000000084600000, 0x0000000084600000, 0x0000000084700000|  0%| F|  |TAMS 0x0000000084600000, 0x0000000084600000| Untracked 
|  71|0x0000000084700000, 0x0000000084700000, 0x0000000084800000|  0%| F|  |TAMS 0x0000000084700000, 0x0000000084700000| Untracked 
|  72|0x0000000084800000, 0x0000000084800000, 0x0000000084900000|  0%| F|  |TAMS 0x0000000084800000, 0x0000000084800000| Untracked 
|  73|0x0000000084900000, 0x0000000084900000, 0x0000000084a00000|  0%| F|  |TAMS 0x0000000084900000, 0x0000000084900000| Untracked 
|  74|0x0000000084a00000, 0x0000000084a00000, 0x0000000084b00000|  0%| F|  |TAMS 0x0000000084a00000, 0x0000000084a00000| Untracked 
|  75|0x0000000084b00000, 0x0000000084b00000, 0x0000000084c00000|  0%| F|  |TAMS 0x0000000084b00000, 0x0000000084b00000| Untracked 
|  76|0x0000000084c00000, 0x0000000084c00000, 0x0000000084d00000|  0%| F|  |TAMS 0x0000000084c00000, 0x0000000084c00000| Untracked 
|  77|0x0000000084d00000, 0x0000000084d00000, 0x0000000084e00000|  0%| F|  |TAMS 0x0000000084d00000, 0x0000000084d00000| Untracked 
|  78|0x0000000084e00000, 0x0000000084e00000, 0x0000000084f00000|  0%| F|  |TAMS 0x0000000084e00000, 0x0000000084e00000| Untracked 
|  79|0x0000000084f00000, 0x0000000084f00000, 0x0000000085000000|  0%| F|  |TAMS 0x0000000084f00000, 0x0000000084f00000| Untracked 
|  80|0x0000000085000000, 0x0000000085000000, 0x0000000085100000|  0%| F|  |TAMS 0x0000000085000000, 0x0000000085000000| Untracked 
|  81|0x0000000085100000, 0x0000000085100000, 0x0000000085200000|  0%| F|  |TAMS 0x0000000085100000, 0x0000000085100000| Untracked 
|  82|0x0000000085200000, 0x0000000085200000, 0x0000000085300000|  0%| F|  |TAMS 0x0000000085200000, 0x0000000085200000| Untracked 
|  83|0x0000000085300000, 0x0000000085300000, 0x0000000085400000|  0%| F|  |TAMS 0x0000000085300000, 0x0000000085300000| Untracked 
|  84|0x0000000085400000, 0x0000000085400000, 0x0000000085500000|  0%| F|  |TAMS 0x0000000085400000, 0x0000000085400000| Untracked 
|  85|0x0000000085500000, 0x0000000085500000, 0x0000000085600000|  0%| F|  |TAMS 0x0000000085500000, 0x0000000085500000| Untracked 
|  86|0x0000000085600000, 0x0000000085600000, 0x0000000085700000|  0%| F|  |TAMS 0x0000000085600000, 0x0000000085600000| Untracked 
|  87|0x0000000085700000, 0x0000000085700000, 0x0000000085800000|  0%| F|  |TAMS 0x0000000085700000, 0x0000000085700000| Untracked 
|  88|0x0000000085800000, 0x0000000085800000, 0x0000000085900000|  0%| F|  |TAMS 0x0000000085800000, 0x0000000085800000| Untracked 
|  89|0x0000000085900000, 0x0000000085900000, 0x0000000085a00000|  0%| F|  |TAMS 0x0000000085900000, 0x0000000085900000| Untracked 
|  90|0x0000000085a00000, 0x0000000085a00000, 0x0000000085b00000|  0%| F|  |TAMS 0x0000000085a00000, 0x0000000085a00000| Untracked 
|  91|0x0000000085b00000, 0x0000000085b00000, 0x0000000085c00000|  0%| F|  |TAMS 0x0000000085b00000, 0x0000000085b00000| Untracked 
|  92|0x0000000085c00000, 0x0000000085cbb9c0, 0x0000000085d00000| 73%| E|  |TAMS 0x0000000085c00000, 0x0000000085c00000| Complete 
|  93|0x0000000085d00000, 0x0000000085e00000, 0x0000000085e00000|100%| E|CS|TAMS 0x0000000085d00000, 0x0000000085d00000| Complete 
|  94|0x0000000085e00000, 0x0000000085f00000, 0x0000000085f00000|100%| E|CS|TAMS 0x0000000085e00000, 0x0000000085e00000| Complete 
|  95|0x0000000085f00000, 0x0000000086000000, 0x0000000086000000|100%| E|  |TAMS 0x0000000085f00000, 0x0000000085f00000| Complete 
|  96|0x0000000086000000, 0x0000000086100000, 0x0000000086100000|100%| E|CS|TAMS 0x0000000086000000, 0x0000000086000000| Complete 
|  97|0x0000000086100000, 0x0000000086200000, 0x0000000086200000|100%| E|CS|TAMS 0x0000000086100000, 0x0000000086100000| Complete 
|  98|0x0000000086200000, 0x0000000086300000, 0x0000000086300000|100%| E|CS|TAMS 0x0000000086200000, 0x0000000086200000| Complete 
|  99|0x0000000086300000, 0x0000000086400000, 0x0000000086400000|100%| E|CS|TAMS 0x0000000086300000, 0x0000000086300000| Complete 
| 100|0x0000000086400000, 0x0000000086500000, 0x0000000086500000|100%| E|CS|TAMS 0x0000000086400000, 0x0000000086400000| Complete 
| 101|0x0000000086500000, 0x0000000086600000, 0x0000000086600000|100%| E|CS|TAMS 0x0000000086500000, 0x0000000086500000| Complete 
| 102|0x0000000086600000, 0x0000000086700000, 0x0000000086700000|100%| E|CS|TAMS 0x0000000086600000, 0x0000000086600000| Complete 
| 103|0x0000000086700000, 0x0000000086800000, 0x0000000086800000|100%| E|CS|TAMS 0x0000000086700000, 0x0000000086700000| Complete 
| 104|0x0000000086800000, 0x0000000086900000, 0x0000000086900000|100%| E|CS|TAMS 0x0000000086800000, 0x0000000086800000| Complete 
| 105|0x0000000086900000, 0x0000000086a00000, 0x0000000086a00000|100%| E|CS|TAMS 0x0000000086900000, 0x0000000086900000| Complete 
| 106|0x0000000086a00000, 0x0000000086b00000, 0x0000000086b00000|100%| E|CS|TAMS 0x0000000086a00000, 0x0000000086a00000| Complete 
| 107|0x0000000086b00000, 0x0000000086c00000, 0x0000000086c00000|100%| E|CS|TAMS 0x0000000086b00000, 0x0000000086b00000| Complete 
| 108|0x0000000086c00000, 0x0000000086d00000, 0x0000000086d00000|100%| E|CS|TAMS 0x0000000086c00000, 0x0000000086c00000| Complete 
| 109|0x0000000086d00000, 0x0000000086e00000, 0x0000000086e00000|100%| E|CS|TAMS 0x0000000086d00000, 0x0000000086d00000| Complete 
| 110|0x0000000086e00000, 0x0000000086f00000, 0x0000000086f00000|100%| E|CS|TAMS 0x0000000086e00000, 0x0000000086e00000| Complete 
| 111|0x0000000086f00000, 0x0000000087000000, 0x0000000087000000|100%| E|CS|TAMS 0x0000000086f00000, 0x0000000086f00000| Complete 
| 112|0x0000000087000000, 0x0000000087100000, 0x0000000087100000|100%| E|CS|TAMS 0x0000000087000000, 0x0000000087000000| Complete 
| 113|0x0000000087100000, 0x0000000087200000, 0x0000000087200000|100%| E|CS|TAMS 0x0000000087100000, 0x0000000087100000| Complete 
| 114|0x0000000087200000, 0x0000000087300000, 0x0000000087300000|100%| E|CS|TAMS 0x0000000087200000, 0x0000000087200000| Complete 
| 115|0x0000000087300000, 0x0000000087400000, 0x0000000087400000|100%| E|CS|TAMS 0x0000000087300000, 0x0000000087300000| Complete 
| 116|0x0000000087400000, 0x00000000874a1850, 0x0000000087500000| 63%| S|CS|TAMS 0x0000000087400000, 0x0000000087400000| Complete 
| 117|0x0000000087500000, 0x0000000087600000, 0x0000000087600000|100%| S|CS|TAMS 0x0000000087500000, 0x0000000087500000| Complete 
| 118|0x0000000087600000, 0x0000000087700000, 0x0000000087700000|100%| E|CS|TAMS 0x0000000087600000, 0x0000000087600000| Complete 
| 119|0x0000000087700000, 0x0000000087800000, 0x0000000087800000|100%| E|CS|TAMS 0x0000000087700000, 0x0000000087700000| Complete 
| 120|0x0000000087800000, 0x0000000087900000, 0x0000000087900000|100%| E|CS|TAMS 0x0000000087800000, 0x0000000087800000| Complete 
| 121|0x0000000087900000, 0x0000000087a00000, 0x0000000087a00000|100%| E|CS|TAMS 0x0000000087900000, 0x0000000087900000| Complete 
| 122|0x0000000087a00000, 0x0000000087b00000, 0x0000000087b00000|100%| E|CS|TAMS 0x0000000087a00000, 0x0000000087a00000| Complete 
| 123|0x0000000087b00000, 0x0000000087c00000, 0x0000000087c00000|100%| E|CS|TAMS 0x0000000087b00000, 0x0000000087b00000| Complete 
| 124|0x0000000087c00000, 0x0000000087d00000, 0x0000000087d00000|100%| E|CS|TAMS 0x0000000087c00000, 0x0000000087c00000| Complete 
| 125|0x0000000087d00000, 0x0000000087e00000, 0x0000000087e00000|100%| E|CS|TAMS 0x0000000087d00000, 0x0000000087d00000| Complete 
| 126|0x0000000087e00000, 0x0000000087f00000, 0x0000000087f00000|100%| E|CS|TAMS 0x0000000087e00000, 0x0000000087e00000| Complete 
| 127|0x0000000087f00000, 0x0000000088000000, 0x0000000088000000|100%| E|CS|TAMS 0x0000000087f00000, 0x0000000087f00000| Complete 

Card table byte_map: [0x0000029a99ef0000,0x0000029a9a2f0000] _byte_map_base: 0x0000029a99af0000

Marking Bits (Prev, Next): (CMBitMap*) 0x0000029a82bf6000, (CMBitMap*) 0x0000029a82bf6040
 Prev Bits: [0x0000029a9a6f0000, 0x0000029a9c6f0000)
 Next Bits: [0x0000029a9c6f0000, 0x0000029a9e6f0000)

Polling page: 0x0000029a82360000

Metaspace:

Usage:
  Non-class:     13.18 MB used.
      Class:      1.85 MB used.
       Both:     15.04 MB used.

Virtual space:
  Non-class space:       64.00 MB reserved,      13.31 MB ( 21%) committed,  1 nodes.
      Class space:        1.00 GB reserved,       1.94 MB ( <1%) committed,  1 nodes.
             Both:        1.06 GB reserved,      15.25 MB (  1%) committed. 

Chunk freelists:
   Non-Class:  2.12 MB
       Class:  2.00 MB
        Both:  4.12 MB

MaxMetaspaceSize: unlimited
CompressedClassSpaceSize: 1.00 GB
Initial GC threshold: 21.00 MB
Current GC threshold: 21.00 MB
CDS: on
MetaspaceReclaimPolicy: balanced
 - commit_granule_bytes: 65536.
 - commit_granule_words: 8192.
 - virtual_space_node_default_size: 8388608.
 - enlarge_chunks_in_place: 1.
 - new_chunks_are_fully_committed: 0.
 - uncommit_free_chunks: 1.
 - use_allocation_guard: 0.


Internal statistics:

num_allocs_failed_limit: 0.
num_arena_births: 224.
num_arena_deaths: 0.
num_vsnodes_births: 2.
num_vsnodes_deaths: 0.
num_space_committed: 244.
num_space_uncommitted: 0.
num_chunks_returned_to_freelist: 0.
num_chunks_taken_from_freelist: 678.
num_chunk_merges: 0.
num_chunk_splits: 472.
num_chunks_enlarged: 386.
num_inconsistent_stats: 0.

CodeHeap 'non-profiled nmethods': size=120064Kb used=695Kb max_used=695Kb free=119368Kb
 bounds [0x0000029a925b0000, 0x0000029a92820000, 0x0000029a99af0000]
CodeHeap 'profiled nmethods': size=120000Kb used=3804Kb max_used=3804Kb free=116195Kb
 bounds [0x0000029a8aaf0000, 0x0000029a8aeb0000, 0x0000029a92020000]
CodeHeap 'non-nmethods': size=5696Kb used=1282Kb max_used=1311Kb free=4413Kb
 bounds [0x0000029a92020000, 0x0000029a92290000, 0x0000029a925b0000]
 total_blobs=2450 nmethods=1974 adapters=386
 compilation: enabled
              stopped_count=0, restarted_count=0
 full_count=0

Compilation events (20 events):
Event: 3.065 Thread 0x0000029aa08822b0 1954       4       java.lang.String::indexOf (64 bytes)
Event: 3.065 Thread 0x0000029aa08a4590 nmethod 1951 0x0000029a8ae9c590 code [0x0000029a8ae9c8a0, 0x0000029a8ae9d968]
Event: 3.065 Thread 0x0000029aa08a4590 1952       1       java.util.regex.Pattern::lambda$ALL$10 (2 bytes)
Event: 3.065 Thread 0x0000029aa08a4590 nmethod 1952 0x0000029a9265c990 code [0x0000029a9265cb20, 0x0000029a9265cbd8]
Event: 3.066 Thread 0x0000029aa08a4590 1953       3       java.lang.invoke.MethodHandle::setAsTypeCache (33 bytes)
Event: 3.066 Thread 0x0000029aa08a4590 nmethod 1953 0x0000029a8ae9e110 code [0x0000029a8ae9e320, 0x0000029a8ae9e938]
Event: 3.067 Thread 0x0000029aa08822b0 nmethod 1954 0x0000029a9265cc90 code [0x0000029a9265ce20, 0x0000029a9265d078]
Event: 3.067 Thread 0x0000029aa08822b0 1955       4       java.lang.StringLatin1::indexOf (25 bytes)
Event: 3.068 Thread 0x0000029aa08822b0 nmethod 1955 0x0000029a9265d190 code [0x0000029a9265d320, 0x0000029a9265d538]
Event: 3.069 Thread 0x0000029aa08822b0 1956   !   4       java.net.URL::<init> (543 bytes)
Event: 3.108 Thread 0x0000029aa08a4590 1957       3       java.util.zip.ZipUtils::get16 (21 bytes)
Event: 3.108 Thread 0x0000029aa08a4590 nmethod 1957 0x0000029a8ae9eb10 code [0x0000029a8ae9eca0, 0x0000029a8ae9edf8]
Event: 3.135 Thread 0x0000029aa08a4590 1958       3       java.util.ArrayDeque::addLast (51 bytes)
Event: 3.135 Thread 0x0000029aa08a4590 nmethod 1958 0x0000029a8ae9ef10 code [0x0000029a8ae9f100, 0x0000029a8ae9f5d8]
Event: 3.152 Thread 0x0000029aa08a4590 1960       3       java.nio.HeapByteBuffer::get (14 bytes)
Event: 3.152 Thread 0x0000029aa08a4590 nmethod 1960 0x0000029a8ae9f790 code [0x0000029a8ae9f960, 0x0000029a8ae9fc48]
Event: 3.152 Thread 0x0000029aa08a4590 1961       3       java.nio.Buffer::nextGetIndex (30 bytes)
Event: 3.152 Thread 0x0000029aa08a4590 nmethod 1961 0x0000029a8ae9fe10 code [0x0000029a8ae9ffc0, 0x0000029a8aea0188]
Event: 3.153 Thread 0x0000029aa08a4590 1962       3       java.lang.reflect.Constructor::newInstance (34 bytes)
Event: 3.153 Thread 0x0000029aa08a4590 nmethod 1962 0x0000029a8aea0290 code [0x0000029a8aea0440, 0x0000029a8aea0678]

GC Heap History (6 events):
Event: 0.591 GC heap before
{Heap before GC invocations=0 (full 0):
 garbage-first heap   total 131072K, used 5120K [0x0000000080000000, 0x0000000100000000)
  region size 1024K, 6 young (6144K), 0 survivors (0K)
 Metaspace       used 1486K, committed 1600K, reserved 1114112K
  class space    used 113K, committed 192K, reserved 1048576K
}
Event: 0.597 GC heap after
{Heap after GC invocations=1 (full 0):
 garbage-first heap   total 131072K, used 3208K [0x0000000080000000, 0x0000000100000000)
  region size 1024K, 1 young (1024K), 1 survivors (1024K)
 Metaspace       used 1486K, committed 1600K, reserved 1114112K
  class space    used 113K, committed 192K, reserved 1048576K
}
Event: 1.081 GC heap before
{Heap before GC invocations=1 (full 0):
 garbage-first heap   total 131072K, used 8328K [0x0000000080000000, 0x0000000100000000)
  region size 1024K, 6 young (6144K), 1 survivors (1024K)
 Metaspace       used 3564K, committed 3712K, reserved 1114112K
  class space    used 344K, committed 448K, reserved 1048576K
}
Event: 1.090 GC heap after
{Heap after GC invocations=2 (full 0):
 garbage-first heap   total 131072K, used 4407K [0x0000000080000000, 0x0000000100000000)
  region size 1024K, 1 young (1024K), 1 survivors (1024K)
 Metaspace       used 3564K, committed 3712K, reserved 1114112K
  class space    used 344K, committed 448K, reserved 1048576K
}
Event: 1.610 GC heap before
{Heap before GC invocations=2 (full 0):
 garbage-first heap   total 131072K, used 13623K [0x0000000080000000, 0x0000000100000000)
  region size 1024K, 10 young (10240K), 1 survivors (1024K)
 Metaspace       used 6360K, committed 6528K, reserved 1114112K
  class space    used 695K, committed 768K, reserved 1048576K
}
Event: 1.631 GC heap after
{Heap after GC invocations=3 (full 0):
 garbage-first heap   total 131072K, used 5053K [0x0000000080000000, 0x0000000100000000)
  region size 1024K, 2 young (2048K), 2 survivors (2048K)
 Metaspace       used 6360K, committed 6528K, reserved 1114112K
  class space    used 695K, committed 768K, reserved 1048576K
}

Dll operation events (12 events):
Event: 0.030 Loaded shared library C:\Users\GMAMPOYI\.jdks\openjdk-19.0.1\bin\java.dll
Event: 0.056 Loaded shared library C:\Users\GMAMPOYI\.jdks\openjdk-19.0.1\bin\jsvml.dll
Event: 0.270 Loaded shared library C:\Users\GMAMPOYI\.jdks\openjdk-19.0.1\bin\zip.dll
Event: 0.275 Loaded shared library C:\Users\GMAMPOYI\.jdks\openjdk-19.0.1\bin\instrument.dll
Event: 0.290 Loaded shared library C:\Users\GMAMPOYI\.jdks\openjdk-19.0.1\bin\net.dll
Event: 0.298 Loaded shared library C:\Users\GMAMPOYI\.jdks\openjdk-19.0.1\bin\nio.dll
Event: 0.302 Loaded shared library C:\Users\GMAMPOYI\.jdks\openjdk-19.0.1\bin\zip.dll
Event: 0.394 Loaded shared library C:\Program Files\JetBrains\IntelliJ IDEA Community Edition 2022.1.3\bin\breakgen64.dll
Event: 0.440 Loaded shared library C:\Users\GMAMPOYI\.jdks\openjdk-19.0.1\bin\extnet.dll
Event: 0.552 Loaded shared library C:\Users\GMAMPOYI\.jdks\openjdk-19.0.1\bin\jimage.dll
Event: 1.264 Loaded shared library C:\Users\GMAMPOYI\.jdks\openjdk-19.0.1\bin\management.dll
Event: 1.272 Loaded shared library C:\Users\GMAMPOYI\.jdks\openjdk-19.0.1\bin\management_ext.dll

Deoptimization events (20 events):
Event: 2.976 Thread 0x0000029aa57c95c0 Uncommon trap: trap_request=0xffffff45 fr.pc=0x0000029a92607f70 relative=0x0000000000000250
Event: 2.976 Thread 0x0000029aa57c95c0 Uncommon trap: reason=unstable_if action=reinterpret pc=0x0000029a92607f70 method=java.util.concurrent.ConcurrentHashMap.get(Ljava/lang/Object;)Ljava/lang/Object; @ 76 c2
Event: 2.976 Thread 0x0000029aa57c95c0 DEOPT PACKING pc=0x0000029a92607f70 sp=0x000000fa6c6fdd80
Event: 2.976 Thread 0x0000029aa57c95c0 DEOPT UNPACKING pc=0x0000029a9208a5a3 sp=0x000000fa6c6fdcf8 mode 2
Event: 3.045 Thread 0x0000029aa54e9670 Uncommon trap: trap_request=0xffffff45 fr.pc=0x0000029a925e8244 relative=0x0000000000000624
Event: 3.045 Thread 0x0000029aa54e9670 Uncommon trap: reason=unstable_if action=reinterpret pc=0x0000029a925e8244 method=java.util.zip.ZipCoder.hash(Ljava/lang/String;)I @ 23 c2
Event: 3.045 Thread 0x0000029aa54e9670 DEOPT PACKING pc=0x0000029a925e8244 sp=0x000000fa6c5fdba0
Event: 3.045 Thread 0x0000029aa54e9670 DEOPT UNPACKING pc=0x0000029a9208a5a3 sp=0x000000fa6c5fda48 mode 2
Event: 3.045 Thread 0x0000029aa54e9670 Uncommon trap: trap_request=0xffffff45 fr.pc=0x0000029a925e5b8c relative=0x00000000000003ec
Event: 3.045 Thread 0x0000029aa54e9670 Uncommon trap: reason=unstable_if action=reinterpret pc=0x0000029a925e5b8c method=java.util.zip.ZipCoder.hash(Ljava/lang/String;)I @ 23 c2
Event: 3.045 Thread 0x0000029aa54e9670 DEOPT PACKING pc=0x0000029a925e5b8c sp=0x000000fa6c5fdb20
Event: 3.045 Thread 0x0000029aa54e9670 DEOPT UNPACKING pc=0x0000029a9208a5a3 sp=0x000000fa6c5fda38 mode 2
Event: 3.045 Thread 0x0000029aa54e9670 Uncommon trap: trap_request=0xffffff45 fr.pc=0x0000029a925e44b4 relative=0x0000000000000174
Event: 3.045 Thread 0x0000029aa54e9670 Uncommon trap: reason=unstable_if action=reinterpret pc=0x0000029a925e44b4 method=java.util.zip.ZipCoder.hash(Ljava/lang/String;)I @ 23 c2
Event: 3.045 Thread 0x0000029aa54e9670 DEOPT PACKING pc=0x0000029a925e44b4 sp=0x000000fa6c5fdab0
Event: 3.045 Thread 0x0000029aa54e9670 DEOPT UNPACKING pc=0x0000029a9208a5a3 sp=0x000000fa6c5fda38 mode 2
Event: 3.049 Thread 0x0000029aa54e9670 Uncommon trap: trap_request=0xffffff45 fr.pc=0x0000029a925d06c0 relative=0x0000000000000040
Event: 3.049 Thread 0x0000029aa54e9670 Uncommon trap: reason=unstable_if action=reinterpret pc=0x0000029a925d06c0 method=sun.nio.fs.WindowsPathParser.isSlash(C)Z @ 9 c2
Event: 3.049 Thread 0x0000029aa54e9670 DEOPT PACKING pc=0x0000029a925d06c0 sp=0x000000fa6c5fdcd0
Event: 3.049 Thread 0x0000029aa54e9670 DEOPT UNPACKING pc=0x0000029a9208a5a3 sp=0x000000fa6c5fdc58 mode 2

Classes loaded (20 events):
Event: 3.053 Loading class java/util/stream/SortedOps$OfRef
Event: 3.054 Loading class java/util/stream/SortedOps$OfRef done
Event: 3.054 Loading class java/util/Comparators$NaturalOrderComparator
Event: 3.054 Loading class java/util/Comparators$NaturalOrderComparator done
Event: 3.054 Loading class java/util/stream/SortedOps$RefSortingSink
Event: 3.054 Loading class java/util/stream/SortedOps$AbstractRefSortingSink
Event: 3.055 Loading class java/util/stream/SortedOps$AbstractRefSortingSink done
Event: 3.055 Loading class java/util/stream/SortedOps$RefSortingSink done
Event: 3.055 Loading class sun/nio/fs/WindowsPath$WindowsPathWithAttributes
Event: 3.055 Loading class sun/nio/fs/BasicFileAttributesHolder
Event: 3.055 Loading class sun/nio/fs/BasicFileAttributesHolder done
Event: 3.055 Loading class sun/nio/fs/WindowsPath$WindowsPathWithAttributes done
Event: 3.055 Loading class java/util/StringTokenizer
Event: 3.056 Loading class java/util/StringTokenizer done
Event: 3.056 Loading class java/util/regex/Pattern$LazyLoop
Event: 3.057 Loading class java/util/regex/Pattern$Loop
Event: 3.057 Loading class java/util/regex/Pattern$Loop done
Event: 3.057 Loading class java/util/regex/Pattern$LazyLoop done
Event: 3.057 Loading class java/util/regex/Pattern$Prolog
Event: 3.057 Loading class java/util/regex/Pattern$Prolog done

Classes unloaded (0 events):
No events

Classes redefined (0 events):
No events

Internal exceptions (20 events):
Event: 1.824 Thread 0x0000029aa54e9670 Exception <a 'java/lang/NoSuchMethodError'{0x0000000087cebde8}: 'java.lang.Object java.lang.invoke.DirectMethodHandle$Holder.invokeSpecial(java.lang.Object, java.lang.Object, java.lang.Object, java.lang.Object, java.lang.Object, java.lang.Object, java.lang.Object, int)'> (0x0000000087cebde8) 
thrown [s\open\src\hotspot\share\interpreter\linkResolver.cpp, line 774]
Event: 1.901 Thread 0x0000029aa54e9670 Exception <a 'java/lang/NoSuchMethodError'{0x0000000087a20388}: 'int java.lang.invoke.DirectMethodHandle$Holder.invokeInterface(java.lang.Object, java.lang.Object)'> (0x0000000087a20388) 
thrown [s\open\src\hotspot\share\interpreter\linkResolver.cpp, line 774]
Event: 1.960 Thread 0x0000029aa54e9670 Exception <a 'java/lang/NoSuchMethodError'{0x0000000087935cb8}: 'java.lang.Object java.lang.invoke.DirectMethodHandle$Holder.invokeSpecial(java.lang.Object, java.lang.Object, java.lang.Object, int, java.lang.Object)'> (0x0000000087935cb8) 
thrown [s\open\src\hotspot\share\interpreter\linkResolver.cpp, line 774]
Event: 1.962 Thread 0x0000029aa54e9670 Exception <a 'java/lang/NoSuchMethodError'{0x000000008793e328}: 'java.lang.Object java.lang.invoke.DirectMethodHandle$Holder.newInvokeSpecial(java.lang.Object, java.lang.Object, java.lang.Object, int, java.lang.Object)'> (0x000000008793e328) 
thrown [s\open\src\hotspot\share\interpreter\linkResolver.cpp, line 774]
Event: 1.962 Thread 0x0000029aa54e9670 Exception <a 'java/lang/NoSuchMethodError'{0x00000000879460d0}: 'java.lang.Object java.lang.invoke.Invokers$Holder.linkToTargetMethod(java.lang.Object, java.lang.Object, int, java.lang.Object, java.lang.Object)'> (0x00000000879460d0) 
thrown [s\open\src\hotspot\share\interpreter\linkResolver.cpp, line 774]
Event: 1.964 Thread 0x0000029aa54e9670 Exception <a 'java/lang/NoSuchMethodError'{0x0000000087954ff0}: 'java.lang.Object java.lang.invoke.DirectMethodHandle$Holder.newInvokeSpecial(java.lang.Object, int, java.lang.Object)'> (0x0000000087954ff0) 
thrown [s\open\src\hotspot\share\interpreter\linkResolver.cpp, line 774]
Event: 1.965 Thread 0x0000029aa54e9670 Exception <a 'java/lang/NoSuchMethodError'{0x0000000087959cc8}: 'int java.lang.invoke.DirectMethodHandle$Holder.invokeSpecialIFC(java.lang.Object, java.lang.Object, java.lang.Object, java.lang.Object)'> (0x0000000087959cc8) 
thrown [s\open\src\hotspot\share\interpreter\linkResolver.cpp, line 774]
Event: 2.017 Thread 0x0000029aa54e9670 Exception <a 'java/lang/NoSuchMethodError'{0x000000008785fe18}: 'void java.lang.invoke.DirectMethodHandle$Holder.invokeInterface(java.lang.Object, java.lang.Object, java.lang.Object)'> (0x000000008785fe18) 
thrown [s\open\src\hotspot\share\interpreter\linkResolver.cpp, line 774]
Event: 2.162 Thread 0x0000029aa54e9670 Exception <a 'java/lang/NoSuchMethodError'{0x00000000878ea1f8}: 'void java.lang.invoke.DirectMethodHandle$Holder.invokeStaticInit(java.lang.Object, java.lang.Object)'> (0x00000000878ea1f8) 
thrown [s\open\src\hotspot\share\interpreter\linkResolver.cpp, line 774]
Event: 2.167 Thread 0x0000029aa54e9670 Exception <a 'java/lang/NoSuchMethodError'{0x00000000878f6700}: 'void java.lang.invoke.DirectMethodHandle$Holder.invokeStaticInit(java.lang.Object, java.lang.Object, java.lang.Object)'> (0x00000000878f6700) 
thrown [s\open\src\hotspot\share\interpreter\linkResolver.cpp, line 774]
Event: 2.177 Thread 0x0000029aa54e9670 Exception <a 'java/lang/NoSuchMethodError'{0x0000000087732870}: 'java.lang.Object java.lang.invoke.DirectMethodHandle$Holder.invokeStatic(java.lang.Object, long, java.lang.Object)'> (0x0000000087732870) 
thrown [s\open\src\hotspot\share\interpreter\linkResolver.cpp, line 774]
Event: 2.177 Thread 0x0000029aa54e9670 Exception <a 'java/lang/NoSuchMethodError'{0x0000000087736438}: 'java.lang.Object java.lang.invoke.DirectMethodHandle$Holder.invokeStaticInit(java.lang.Object, long, java.lang.Object)'> (0x0000000087736438) 
thrown [s\open\src\hotspot\share\interpreter\linkResolver.cpp, line 774]
Event: 2.178 Thread 0x0000029aa54e9670 Exception <a 'java/lang/NoSuchMethodError'{0x000000008773c430}: 'java.lang.Object java.lang.invoke.DirectMethodHandle$Holder.newInvokeSpecial(java.lang.Object, long)'> (0x000000008773c430) 
thrown [s\open\src\hotspot\share\interpreter\linkResolver.cpp, line 774]
Event: 2.212 Thread 0x0000029aa54e9670 Exception <a 'java/lang/NoSuchMethodError'{0x000000008777b718}: 'void java.lang.invoke.DirectMethodHandle$Holder.invokeVirtual(java.lang.Object, java.lang.Object, java.lang.Object, java.lang.Object)'> (0x000000008777b718) 
thrown [s\open\src\hotspot\share\interpreter\linkResolver.cpp, line 774]
Event: 2.311 Thread 0x0000029aa54e9670 Exception <a 'java/lang/NoSuchMethodError'{0x00000000876a8710}: 'void java.lang.invoke.DirectMethodHandle$Holder.invokeSpecial(java.lang.Object, java.lang.Object, java.lang.Object, java.lang.Object, java.lang.Object)'> (0x00000000876a8710) 
thrown [s\open\src\hotspot\share\interpreter\linkResolver.cpp, line 774]
Event: 2.360 Thread 0x0000029aa54e9670 Exception <a 'java/lang/NoSuchMethodError'{0x0000000087383488}: 'void java.lang.invoke.DirectMethodHandle$Holder.invokeStatic(java.lang.Object, java.lang.Object, int)'> (0x0000000087383488) 
thrown [s\open\src\hotspot\share\interpreter\linkResolver.cpp, line 774]
Event: 2.381 Thread 0x0000029aa54e9670 Exception <a 'java/lang/IncompatibleClassChangeError'{0x00000000873eb798}: Found class java.lang.Object, but interface was expected> (0x00000000873eb798) 
thrown [s\open\src\hotspot\share\interpreter\linkResolver.cpp, line 841]
Event: 2.592 Thread 0x0000029aa54e9670 Exception <a 'java/lang/NoSuchMethodError'{0x0000000086b95ea8}: 'int java.lang.invoke.Invokers$Holder.invokeExact_MT(java.lang.Object, java.lang.Object)'> (0x0000000086b95ea8) 
thrown [s\open\src\hotspot\share\interpreter\linkResolver.cpp, line 774]
Event: 3.050 Thread 0x0000029aa54e9670 Exception <a 'java/lang/NoSuchMethodError'{0x0000000086039b00}: 'int java.lang.invoke.DirectMethodHandle$Holder.invokeSpecial(java.lang.Object, java.lang.Object, java.lang.Object, java.lang.Object, java.lang.Object)'> (0x0000000086039b00) 
thrown [s\open\src\hotspot\share\interpreter\linkResolver.cpp, line 774]
Event: 3.052 Thread 0x0000029aa54e9670 Exception <a 'java/lang/NoSuchMethodError'{0x0000000086073a88}: 'void java.lang.invoke.DirectMethodHandle$Holder.invokeVirtual(java.lang.Object, java.lang.Object)'> (0x0000000086073a88) 
thrown [s\open\src\hotspot\share\interpreter\linkResolver.cpp, line 774]

VM Operations (20 events):
Event: 1.925 Executing VM operation: HandshakeAllThreads
Event: 1.925 Executing VM operation: HandshakeAllThreads done
Event: 2.008 Executing VM operation: HandshakeAllThreads
Event: 2.008 Executing VM operation: HandshakeAllThreads done
Event: 2.295 Executing VM operation: HandshakeAllThreads
Event: 2.295 Executing VM operation: HandshakeAllThreads done
Event: 2.306 Executing VM operation: HandshakeAllThreads
Event: 2.306 Executing VM operation: HandshakeAllThreads done
Event: 2.306 Executing VM operation: HandshakeAllThreads
Event: 2.306 Executing VM operation: HandshakeAllThreads done
Event: 2.361 Executing VM operation: HandshakeAllThreads
Event: 2.361 Executing VM operation: HandshakeAllThreads done
Event: 2.378 Executing VM operation: ICBufferFull
Event: 2.378 Executing VM operation: ICBufferFull done
Event: 2.524 Executing VM operation: HandshakeAllThreads
Event: 2.525 Executing VM operation: HandshakeAllThreads done
Event: 2.922 Executing VM operation: HandshakeAllThreads
Event: 2.922 Executing VM operation: HandshakeAllThreads done
Event: 3.026 Executing VM operation: HandshakeAllThreads
Event: 3.026 Executing VM operation: HandshakeAllThreads done

Events (16 events):
Event: 0.056 Thread 0x0000029a82b96af0 Thread added: 0x0000029a82b96af0
Event: 0.087 Thread 0x0000029aa0874010 Thread added: 0x0000029aa0874010
Event: 0.088 Thread 0x0000029aa08755a0 Thread added: 0x0000029aa08755a0
Event: 0.088 Thread 0x0000029aa08783e0 Thread added: 0x0000029aa08783e0
Event: 0.088 Thread 0x0000029aa087ad20 Thread added: 0x0000029aa087ad20
Event: 0.088 Thread 0x0000029aa087bdf0 Thread added: 0x0000029aa087bdf0
Event: 0.088 Thread 0x0000029aa087d000 Thread added: 0x0000029aa087d000
Event: 0.089 Thread 0x0000029aa08822b0 Thread added: 0x0000029aa08822b0
Event: 0.089 Thread 0x0000029aa08a4590 Thread added: 0x0000029aa08a4590
Event: 0.089 Thread 0x0000029aa08c2e80 Thread added: 0x0000029aa08c2e80
Event: 0.208 Thread 0x0000029aa0845550 Thread added: 0x0000029aa0845550
Event: 0.395 Thread 0x0000029aa4ff8180 Thread added: 0x0000029aa4ff8180
Event: 0.395 Thread 0x0000029aa4ff86c0 Thread added: 0x0000029aa4ff86c0
Event: 1.349 Thread 0x0000029aa551c2d0 Thread added: 0x0000029aa551c2d0
Event: 1.353 Thread 0x0000029aa54e9670 Thread added: 0x0000029aa54e9670
Event: 2.369 Thread 0x0000029aa57c95c0 Thread added: 0x0000029aa57c95c0


Dynamic libraries:
0x00007ff6562f0000 - 0x00007ff6562fe000 	C:\Users\GMAMPOYI\.jdks\openjdk-19.0.1\bin\java.exe
0x00007ffe12e30000 - 0x00007ffe13025000 	C:\windows\SYSTEM32\ntdll.dll
0x00007ffe124e0000 - 0x00007ffe1259e000 	C:\windows\System32\KERNEL32.DLL
0x00007ffe10a40000 - 0x00007ffe10d08000 	C:\windows\System32\KERNELBASE.dll
0x00007ffe10690000 - 0x00007ffe10790000 	C:\windows\System32\ucrtbase.dll
0x00007ffdf3790000 - 0x00007ffdf37ab000 	C:\Users\GMAMPOYI\.jdks\openjdk-19.0.1\bin\VCRUNTIME140.dll
0x00007ffdf4f80000 - 0x00007ffdf4f97000 	C:\Users\GMAMPOYI\.jdks\openjdk-19.0.1\bin\jli.dll
0x00007ffe11b60000 - 0x00007ffe11d00000 	C:\windows\System32\USER32.dll
0x00007ffe10550000 - 0x00007ffe10572000 	C:\windows\System32\win32u.dll
0x00007ffe12c90000 - 0x00007ffe12cba000 	C:\windows\System32\GDI32.dll
0x00007ffe10580000 - 0x00007ffe1068b000 	C:\windows\System32\gdi32full.dll
0x00007ffe10d60000 - 0x00007ffe10dfd000 	C:\windows\System32\msvcp_win.dll
0x00007ffe00550000 - 0x00007ffe007ea000 	C:\windows\WinSxS\amd64_microsoft.windows.common-controls_6595b64144ccf1df_6.0.19041.1110_none_60b5254171f9507e\COMCTL32.dll
0x00007ffe12220000 - 0x00007ffe122be000 	C:\windows\System32\msvcrt.dll
0x00007ffe127b0000 - 0x00007ffe127e0000 	C:\windows\System32\IMM32.DLL
0x00007ffdf86f0000 - 0x00007ffdf86fc000 	C:\Users\GMAMPOYI\.jdks\openjdk-19.0.1\bin\vcruntime140_1.dll
0x00007ffdee320000 - 0x00007ffdee3ae000 	C:\Users\GMAMPOYI\.jdks\openjdk-19.0.1\bin\msvcp140.dll
0x00007ffdb3bd0000 - 0x00007ffdb4890000 	C:\Users\GMAMPOYI\.jdks\openjdk-19.0.1\bin\server\jvm.dll
0x00007ffe11d00000 - 0x00007ffe11dae000 	C:\windows\System32\ADVAPI32.dll
0x00007ffe11640000 - 0x00007ffe116dc000 	C:\windows\System32\sechost.dll
0x00007ffe12b40000 - 0x00007ffe12c65000 	C:\windows\System32\RPCRT4.dll
0x00007ffe062f0000 - 0x00007ffe062f9000 	C:\windows\SYSTEM32\WSOCK32.dll
0x00007ffe116e0000 - 0x00007ffe1174b000 	C:\windows\System32\WS2_32.dll
0x00007ffde5f00000 - 0x00007ffde5f27000 	C:\windows\SYSTEM32\WINMM.dll
0x00007ffe047f0000 - 0x00007ffe047fa000 	C:\windows\SYSTEM32\VERSION.dll
0x00007ffe0ec30000 - 0x00007ffe0ec42000 	C:\windows\SYSTEM32\kernel.appcore.dll
0x00007ffdf8680000 - 0x00007ffdf868a000 	C:\Users\GMAMPOYI\.jdks\openjdk-19.0.1\bin\jimage.dll
0x00007ffdfba80000 - 0x00007ffdfbc64000 	C:\windows\SYSTEM32\DBGHELP.DLL
0x00007ffdfba50000 - 0x00007ffdfba7c000 	C:\windows\SYSTEM32\dbgcore.DLL
0x00007ffe10e00000 - 0x00007ffe10e82000 	C:\windows\System32\bcryptPrimitives.dll
0x00007ffdfafb0000 - 0x00007ffdfafbe000 	C:\Users\GMAMPOYI\.jdks\openjdk-19.0.1\bin\instrument.dll
0x00007ffdf1630000 - 0x00007ffdf1656000 	C:\Users\GMAMPOYI\.jdks\openjdk-19.0.1\bin\java.dll
0x00007ffde44c0000 - 0x00007ffde4597000 	C:\Users\GMAMPOYI\.jdks\openjdk-19.0.1\bin\jsvml.dll
0x00007ffe10e90000 - 0x00007ffe115d4000 	C:\windows\System32\SHELL32.dll
0x00007ffe033e0000 - 0x00007ffe03b74000 	C:\windows\SYSTEM32\windows.storage.dll
0x00007ffe127e0000 - 0x00007ffe12b34000 	C:\windows\System32\combase.dll
0x00007ffe0fef0000 - 0x00007ffe0ff1c000 	C:\windows\SYSTEM32\Wldp.dll
0x00007ffe12d40000 - 0x00007ffe12ded000 	C:\windows\System32\SHCORE.dll
0x00007ffe115e0000 - 0x00007ffe11635000 	C:\windows\System32\shlwapi.dll
0x00007ffe10490000 - 0x00007ffe104af000 	C:\windows\SYSTEM32\profapi.dll
0x00007ffdf14a0000 - 0x00007ffdf14b8000 	C:\Users\GMAMPOYI\.jdks\openjdk-19.0.1\bin\zip.dll
0x00007ffdf1610000 - 0x00007ffdf1623000 	C:\Users\GMAMPOYI\.jdks\openjdk-19.0.1\bin\net.dll
0x00007ffe07380000 - 0x00007ffe0748a000 	C:\windows\SYSTEM32\WINHTTP.dll
0x00007ffe0fc50000 - 0x00007ffe0fcba000 	C:\windows\system32\mswsock.dll
0x00007ffdf1560000 - 0x00007ffdf1576000 	C:\Users\GMAMPOYI\.jdks\openjdk-19.0.1\bin\nio.dll
0x00007ffdee050000 - 0x00007ffdee06a000 	C:\Program Files\JetBrains\IntelliJ IDEA Community Edition 2022.1.3\bin\breakgen64.dll
0x00007ffdf8650000 - 0x00007ffdf8658000 	C:\Users\GMAMPOYI\.jdks\openjdk-19.0.1\bin\extnet.dll
0x00007ffdf84a0000 - 0x00007ffdf84aa000 	C:\Users\GMAMPOYI\.jdks\openjdk-19.0.1\bin\management.dll
0x00007ffdf8460000 - 0x00007ffdf846b000 	C:\Users\GMAMPOYI\.jdks\openjdk-19.0.1\bin\management_ext.dll
0x00007ffe11750000 - 0x00007ffe11758000 	C:\windows\System32\PSAPI.DLL

dbghelp: loaded successfully - version: 4.0.5 - missing functions: none
symbol engine: initialized successfully - sym options: 0x614 - pdb path: .;C:\Users\GMAMPOYI\.jdks\openjdk-19.0.1\bin;C:\windows\SYSTEM32;C:\windows\WinSxS\amd64_microsoft.windows.common-controls_6595b64144ccf1df_6.0.19041.1110_none_60b5254171f9507e;C:\Users\GMAMPOYI\.jdks\openjdk-19.0.1\bin\server;C:\Program Files\JetBrains\IntelliJ IDEA Community Edition 2022.1.3\bin

VM Arguments:
jvm_args: -javaagent:C:\Program Files\JetBrains\IntelliJ IDEA Community Edition 2022.1.3\lib\idea_rt.jar=53381:C:\Program Files\JetBrains\IntelliJ IDEA Community Edition 2022.1.3\bin -Dfile.encoding=UTF-8 
java_command: com.myTodoApplication.springBoot.MyFirstTodoApplication.MyFirstTodoApplication
java_class_path (initial): C:\Users\GMAMPOYI\git\Spring Boot learn\MyFirstTodoApplication\target\classes;C:\Users\GMAMPOYI\.m2\repository\org\springframework\boot\spring-boot-starter-web\3.0.1\spring-boot-starter-web-3.0.1.jar;C:\Users\GMAMPOYI\.m2\repository\org\springframework\boot\spring-boot-starter\3.0.1\spring-boot-starter-3.0.1.jar;C:\Users\GMAMPOYI\.m2\repository\org\springframework\boot\spring-boot-starter-logging\3.0.1\spring-boot-starter-logging-3.0.1.jar;C:\Users\GMAMPOYI\.m2\repository\ch\qos\logback\logback-classic\1.4.5\logback-classic-1.4.5.jar;C:\Users\GMAMPOYI\.m2\repository\ch\qos\logback\logback-core\1.4.5\logback-core-1.4.5.jar;C:\Users\GMAMPOYI\.m2\repository\org\apache\logging\log4j\log4j-to-slf4j\2.19.0\log4j-to-slf4j-2.19.0.jar;C:\Users\GMAMPOYI\.m2\repository\org\apache\logging\log4j\log4j-api\2.19.0\log4j-api-2.19.0.jar;C:\Users\GMAMPOYI\.m2\repository\org\slf4j\jul-to-slf4j\2.0.6\jul-to-slf4j-2.0.6.jar;C:\Users\GMAMPOYI\.m2\repository\jakarta\annotation\jakarta.annotation-api\2.1.1\jakarta.annotation-api-2.1.1.jar;C:\Users\GMAMPOYI\.m2\repository\org\yaml\snakeyaml\1.33\snakeyaml-1.33.jar;C:\Users\GMAMPOYI\.m2\repository\org\springframework\boot\spring-boot-starter-json\3.0.1\spring-boot-starter-json-3.0.1.jar;C:\Users\GMAMPOYI\.m2\repository\com\fasterxml\jackson\core\jackson-databind\2.14.1\jackson-databind-2.14.1.jar;C:\Users\GMAMPOYI\.m2\repository\com\fasterxml\jackson\core\jackson-annotations\2.14.1\jackson-annotations-2.14.1.jar;C:\Users\GMAMPOYI\.m2\repository\com\fasterxml\jackson\core\jackson-core\2.14.1\jackson-core-2.14.1.jar;C:\Users\GMAMPOYI\.m2\repository\com\fasterxml\jackson\datatype\jackson-datatype-jdk8\2.14.1\jackson-datatype-jdk8-2.14.1.jar;C:\Users\GMAMPOYI\.m2\repository\com\fasterxml\jackson\datatype\jackson-datatype-jsr310\2.14.1\jackson-datatype-jsr310-2.14.1.jar;C:\Users\GMAMPOYI\.m2\repository\com\fasterxml\jackson\module\jackson-module-parameter-names\2.14.1\jackson-module-parameter-names-2.14.1.jar;C:\Users\GMAMPOYI\.m2\repository\org\springframework\boot\spring-boot-starter-tomcat\3.0.1\spring-boot-starter-tomcat-3.0.1.jar;C:\Users\GMAMPOYI\.m2\repository\org\apache\tomcat\embed\tomcat-embed-websocket\10.1.4\tomcat-embed-websocket-10.1.4.jar;C:\Users\GMAMPOYI\.m2\repository\org\springframework\spring-web\6.0.3\spring-web-6.0.3.jar;C:\Users\GMAMPOYI\.m2\repository\org\springframework\spring-beans\6.0.3\spring-beans-6.0.3.jar;C:\Users\GMAMPOYI\.m2\repository\io\micrometer\micrometer-observation\1.10.2\micrometer-observation-1.10.2.jar;C:\Users\GMAMPOYI\.m2\repository\io\micrometer\micrometer-commons\1.10.2\micrometer-commons-1.10.2.jar;C:\Users\GMAMPOYI\.m2\repository\org\springframework\spring-webmvc\6.0.3\spring-webmvc-6.0.3.jar;C:\Users\GMAMPOYI\.m2\repository\org\springframework\spring-aop\6.0.3\spring-aop-6.0.3.jar;C:\Users\GMAMPOYI\.m2\repository\org\springframework\spring-context\6.0.3\spring-context-6.0.3.jar;C:\Users\GMAMPOYI\.m2\repository\org\springframework\spring-expression\6.0.3\spring-expression-6.0.3.jar;C:\Users\GMAMPOYI\.m2\repository\org\apache\tomcat\embed\tomcat-embed-jasper\10.1.4\tomcat-embed-jasper-10.1.4.jar;C:\Users\GMAMPOYI\.m2\repository\org\apache\tomcat\embed\tomcat-embed-core\10.1.4\tomcat-embed-core-10.1.4.jar;C:\Users\GMAMPOYI\.m2\repository\org\apache\tomcat\tomcat-annotations-api\10.1.4\tomcat-annotations-api-10.1.4.jar;C:\Users\GMAMPOYI\.m2\repository\org\apache\tomcat\embed\tomcat-embed-el\10.1.4\tomcat-embed-el-10.1.4.jar;C:\Users\GMAMPOYI\.m2\repository\org\eclipse\jdt\ecj\3.18.0\ecj-3.18.0.jar;C:\Users\GMAMPOYI\.m2\repository\jakarta\servlet\jsp\jstl\jakarta.servlet.jsp.jstl-api\3.0.0\jakarta.servlet.jsp.jstl-api-3.0.0.jar;C:\Users\GMAMPOYI\.m2\repository\jakarta\servlet\jakarta.servlet-api\6.0.0\jakarta.servlet-api-6.0.0.jar;C:\Users\GMAMPOYI\.m2\repository\jakarta\el\jakarta.el-api\5.0.0\jakarta.el-api-5.0.0.jar;C:\Users\GMAMPOYI\.m2\repository\org\eclipse\jetty\glassfish-jstl\11.0.13\glassfish-jstl-11.0.13.jar;C:\Users\GMAMPOYI\.m2\repository\org\glassfish\web\jakarta.servlet.jsp.jstl\3.0.1\jakarta.servlet.jsp.jstl-3.0.1.jar;C:\Users\GMAMPOYI\.m2\repository\org\webjars\bootstrap\5.1.3\bootstrap-5.1.3.jar;C:\Users\GMAMPOYI\.m2\repository\org\webjars\popper.js\2.9.3\popper.js-2.9.3.jar;C:\Users\GMAMPOYI\.m2\repository\org\webjars\jquery\3.6.0\jquery-3.6.0.jar;C:\Users\GMAMPOYI\.m2\repository\org\springframework\boot\spring-boot-starter-validation\3.0.1\spring-boot-starter-validation-3.0.1.jar;C:\Users\GMAMPOYI\.m2\repository\org\hibernate\validator\hibernate-validator\8.0.0.Final\hibernate-validator-8.0.0.Final.jar;C:\Users\GMAMPOYI\.m2\repository\jakarta\validation\jakarta.validation-api\3.0.2\jakarta.validation-api-3.0.2.jar;C:\Users\GMAMPOYI\.m2\repository\org\jboss\logging\jboss-logging\3.5.0.Final\jboss-logging-3.5.0.Final.jar;C:\Users\GMAMPOYI\.m2\repository\com\fasterxml\classmate\1.5.1\classmate-1.5.1.jar;C:\Users\GMAMPOYI\.m2\repository\org\springframework\boot\spring-boot-devtools\3.0.1\spring-boot-devtools-3.0.1.jar;C:\Users\GMAMPOYI\.m2\repository\org\springframework\boot\spring-boot\3.0.1\spring-boot-3.0.1.jar;C:\Users\GMAMPOYI\.m2\repository\org\springframework\boot\spring-boot-autoconfigure\3.0.1\spring-boot-autoconfigure-3.0.1.jar;C:\Users\GMAMPOYI\.m2\repository\org\slf4j\slf4j-api\2.0.6\slf4j-api-2.0.6.jar;C:\Users\GMAMPOYI\.m2\repository\org\springframework\spring-core\6.0.3\spring-core-6.0.3.jar;C:\Users\GMAMPOYI\.m2\repository\org\springframework\spring-jcl\6.0.3\spring-jcl-6.0.3.jar
Launcher Type: SUN_STANDARD

[Global flags]
     intx CICompilerCount                          = 2                                         {product} {ergonomic}
     uint ConcGCThreads                            = 1                                         {product} {ergonomic}
     uint G1ConcRefinementThreads                  = 2                                         {product} {ergonomic}
   size_t G1HeapRegionSize                         = 1048576                                   {product} {ergonomic}
    uintx GCDrainStackTargetSize                   = 64                                        {product} {ergonomic}
   size_t InitialHeapSize                          = 134217728                                 {product} {ergonomic}
   size_t MarkStackSize                            = 4194304                                   {product} {ergonomic}
   size_t MaxHeapSize                              = 2147483648                                {product} {ergonomic}
   size_t MaxNewSize                               = 1287651328                                {product} {ergonomic}
   size_t MinHeapDeltaBytes                        = 1048576                                   {product} {ergonomic}
   size_t MinHeapSize                              = 8388608                                   {product} {ergonomic}
    uintx NonNMethodCodeHeapSize                   = 5826188                                {pd product} {ergonomic}
    uintx NonProfiledCodeHeapSize                  = 122916026                              {pd product} {ergonomic}
    uintx ProfiledCodeHeapSize                     = 122916026                              {pd product} {ergonomic}
    uintx ReservedCodeCacheSize                    = 251658240                              {pd product} {ergonomic}
     bool SegmentedCodeCache                       = true                                      {product} {ergonomic}
   size_t SoftMaxHeapSize                          = 2147483648                             {manageable} {ergonomic}
     bool UseCompressedClassPointers               = true                           {product lp64_product} {ergonomic}
     bool UseCompressedOops                        = true                           {product lp64_product} {ergonomic}
     bool UseG1GC                                  = true                                      {product} {ergonomic}
     bool UseLargePagesIndividualAllocation        = false                                  {pd product} {ergonomic}

Logging:
Log output configuration:
 #0: stdout all=warning uptime,level,tags foldmultilines=false
 #1: stderr all=off uptime,level,tags foldmultilines=false

Environment Variables:
JAVA_HOME=C:\Users\GMAMPOYI\.jdks\corretto-17.0.5
PATH=C:\Program Files (x86)\Common Files\Oracle\Java\javapath;C:\windows\system32;C:\windows;C:\windows\System32\Wbem;C:\windows\System32\WindowsPowerShell\v1.0\;C:\windows\System32\OpenSSH\;C:\Program Files (x86)\Microsoft SQL Server\150\DTS\Binn\;C:\Program Files\Azure Data Studio\bin;C:\Program Files\TortoiseSVN\bin;C:\Program Files\Git\cmd;C:\Program Files (x86)\Microsoft SQL Server\160\DTS\Binn\;C:\Program Files\Microsoft SQL Server\150\Tools\Binn\;C:\Program Files\Microsoft SQL Server\Client SDK\ODBC\170\Tools\Binn\;C:\Program Files\dotnet\;C:\Users\GMAMPOYI\.jdks\corretto-17.0.5\bin;C:\Users\GMAMPOYI\AppData\Local\Microsoft\WindowsApps;C:\Program Files\JetBrains\IntelliJ IDEA Community Edition 2022.1.3\bin;;C:\Users\GMAMPOYI\.dotnet\tools;C:\Software\groovy-4.0.3\bin;C:\Software\gradle-7.4.2\bin;C:\Software\apache-maven-3.8.6\bin;C:\Users\GMAMPOYI\.jdks\corretto-17.0.5\bin;
USERNAME=GMAMPOYI
OS=Windows_NT
PROCESSOR_IDENTIFIER=Intel64 Family 6 Model 85 Stepping 7, GenuineIntel
TMP=C:\Users\GMAMPOYI\AppData\Local\Temp
TEMP=C:\Users\GMAMPOYI\AppData\Local\Temp



---------------  S Y S T E M  ---------------

OS:
 Windows Server 2019 , 64 bit Build 19041 (10.0.19041.1645)
OS uptime: 31 days 22:43 hours
Hyper-V virtualization detected

CPU: total 2 (initial active 2) (1 cores per cpu, 2 threads per core) family 6 model 85 stepping 7 microcode 0xffffffff, cx8, cmov, fxsr, ht, mmx, 3dnowpref, sse, sse2, sse3, ssse3, sse4.1, sse4.2, popcnt, lzcnt, tsc, avx, avx2, aes, erms, clmul, bmi1, bmi2, rtm, adx, avx512f, avx512dq, avx512cd, avx512bw, avx512vl, fma, vzeroupper, clflush, clflushopt, hv, rdtscp

Memory: 4k page, system-wide physical 8191M (1444M free)
TotalPageFile size 10239M (AvailPageFile size 5M)
current process WorkingSet (physical memory assigned to process): 110M, peak: 110M
current process commit charge ("private bytes"): 234M, peak: 235M

vm_info: OpenJDK 64-Bit Server VM (19.0.1+10-21) for windows-amd64 JRE (19.0.1+10-21), built on 2022-09-14T12:45:06Z by "mach5one" with MS VC++ 17.1 (VS2022)

END.
